Device name:Tesla P100-PCIE-12GBthread id : 0
Compute capability : 6.0
            0  lecture du maillage en cours
            0            1
 INPUT             1           21
 OUTPUT             1           21
            0  output nodes             0            1            4
 MANNING DETECTED IN MESH FILE BUT WILL NOT BE USED
            0  lecture du maillage reussie
 gridx, gridy (for set_boundary) =            88           88
            0 tab_bound_tri ok         1408          767
            0 boundary kind ok
            0 apres contruct coo table elemwise
 ======================================================================
  Parameters
 ======================================================================
 meshfile            = 
 manning_River_wth_piers.cgns                                
 cotemin             =    0.1631157820315848     
 elt_bound           =             0
 H_AMONT             =     1.000000000000000     
 U_AMONT             =     0.000000000000000     
 V_AMONT             =     0.000000000000000     
 H_AVAL              =    0.2000000000000000     
 U_AVAL              =     0.000000000000000     
 V_AVAL              =     0.000000000000000     
 iflux               =            2
 Fricimplic          =            1
 visu_snapshots     =          360
 tol_reg_perm        =   1.0000000000000001E-015
 tol                 =   9.9999999747524271E-007
 tolisec             =   1.0000000000000001E-005
 tolaffiche          =   9.9999997764825821E-003
 nombre d'elements totaux =          1408
 freqaffich          =         1000
 nombre entree       =            1
 debitglob                   1  =    62.00000000000000     
 longueur entree             1  =    20.00000000000000     
 nombre sortie       =            1
 H_SORTIE                    1  =   1.0000000000000000E-004
 ======================================================================
 ======================================================================
 Loop over time starts
 -----------------------------------------------
 Iteration number          1000 , t =     12.70616798541261     
 debit_entree             1  =     62.00000000000002     
 debit_entree_sum =    62.00000000000002      M3/S
 debit_sortie     =    75.70013725132998      M3/S
 -----------------------------------------------
 -----------------------------------------------
 Iteration number          2000 , t =     26.08247511992207     
 debit_entree             1  =     62.00000000000002     
 debit_entree_sum =    62.00000000000002      M3/S
 debit_sortie     =    91.30512523313735      M3/S
 -----------------------------------------------
 -----------------------------------------------
 Iteration number          3000 , t =     39.22075431128290     
 debit_entree             1  =     62.00000000000002     
 debit_entree_sum =    62.00000000000002      M3/S
 debit_sortie     =    53.16237584593502      M3/S
 -----------------------------------------------
 -----------------------------------------------
 Iteration number          4000 , t =     52.22775649875629     
 debit_entree             1  =     62.00000000000002     
 debit_entree_sum =    62.00000000000002      M3/S
 debit_sortie     =    53.08744101094849      M3/S
 -----------------------------------------------
 -----------------------------------------------
 Iteration number          5000 , t =     65.34711897722364     
 debit_entree             1  =     62.00000000000002     
 debit_entree_sum =    62.00000000000002      M3/S
 debit_sortie     =    66.63710068436710      M3/S
 -----------------------------------------------
 -----------------------------------------------
 Iteration number          6000 , t =     78.48921102675740     
 debit_entree             1  =     62.00000000000002     
 debit_entree_sum =    62.00000000000002      M3/S
 debit_sortie     =    64.33708922605490      M3/S
 -----------------------------------------------
 -----------------------------------------------
 Iteration number          7000 , t =     91.58628092162151     
 debit_entree             1  =     62.00000000000002     
 debit_entree_sum =    62.00000000000002      M3/S
 debit_sortie     =    59.75835524784813      M3/S
 -----------------------------------------------
 -----------------------------------------------
 Iteration number          8000 , t =     104.6864676503367     
 debit_entree             1  =     62.00000000000002     
 debit_entree_sum =    62.00000000000002      M3/S
 debit_sortie     =    61.65396038038374      M3/S
 -----------------------------------------------
 -----------------------------------------------
 Iteration number          9000 , t =     117.8047427764407     
 debit_entree             1  =     62.00000000000002     
 debit_entree_sum =    62.00000000000002      M3/S
 debit_sortie     =    62.84989770469178      M3/S
 -----------------------------------------------
 -----------------------------------------------
 Iteration number         10000 , t =     130.9198002982978     
 debit_entree             1  =     62.00000000000002     
 debit_entree_sum =    62.00000000000002      M3/S
 debit_sortie     =    61.95980053969636      M3/S
 -----------------------------------------------
 -----------------------------------------------
 Iteration number         11000 , t =     144.0308405762644     
 debit_entree             1  =     62.00000000000002     
 debit_entree_sum =    62.00000000000002      M3/S
 debit_sortie     =    61.72788359940397      M3/S
 -----------------------------------------------
 -----------------------------------------------
 Iteration number         12000 , t =     157.1447216172637     
 debit_entree             1  =     62.00000000000002     
 debit_entree_sum =    62.00000000000002      M3/S
 debit_sortie     =    62.06649338881360      M3/S
 -----------------------------------------------
 -----------------------------------------------
 Iteration number         13000 , t =     170.2600425334146     
 debit_entree             1  =     62.00000000000002     
 debit_entree_sum =    62.00000000000002      M3/S
 debit_sortie     =    62.07889943948081      M3/S
 -----------------------------------------------
 -----------------------------------------------
 Iteration number         14000 , t =     183.3745394915793     
 debit_entree             1  =     62.00000000000002     
 debit_entree_sum =    62.00000000000002      M3/S
 debit_sortie     =    61.96328584660893      M3/S
 -----------------------------------------------
 -----------------------------------------------
 Iteration number         15000 , t =     196.4889239091146     
 debit_entree             1  =     62.00000000000002     
 debit_entree_sum =    62.00000000000002      M3/S
 debit_sortie     =    61.98072832670275      M3/S
 -----------------------------------------------
 -----------------------------------------------
 Iteration number         16000 , t =     209.6036979682986     
 debit_entree             1  =     62.00000000000002     
 debit_entree_sum =    62.00000000000002      M3/S
 debit_sortie     =    62.01610227754865      M3/S
 -----------------------------------------------
 -----------------------------------------------
 Iteration number         17000 , t =     222.7184510578656     
 debit_entree             1  =     62.00000000000002     
 debit_entree_sum =    62.00000000000002      M3/S
 debit_sortie     =    62.00346736015523      M3/S
 -----------------------------------------------
 -----------------------------------------------
 Iteration number         18000 , t =     235.8330514719332     
 debit_entree             1  =     62.00000000000002     
 debit_entree_sum =    62.00000000000002      M3/S
 debit_sortie     =    61.99414342596411      M3/S
 -----------------------------------------------
 -----------------------------------------------
 Iteration number         19000 , t =     248.9476271550965     
 debit_entree             1  =     62.00000000000002     
 debit_entree_sum =    62.00000000000002      M3/S
 debit_sortie     =    62.00015252245352      M3/S
 -----------------------------------------------
 -----------------------------------------------
 Iteration number         20000 , t =     262.0621653969546     
 debit_entree             1  =     62.00000000000002     
 debit_entree_sum =    62.00000000000002      M3/S
 debit_sortie     =    62.00210483520639      M3/S
 -----------------------------------------------
 -----------------------------------------------
 Iteration number         21000 , t =     275.1766259827674     
 debit_entree             1  =     62.00000000000002     
 debit_entree_sum =    62.00000000000002      M3/S
 debit_sortie     =    61.99980205290875      M3/S
 -----------------------------------------------
 -----------------------------------------------
 Iteration number         22000 , t =     288.2910354694757     
 debit_entree             1  =     62.00000000000002     
 debit_entree_sum =    62.00000000000002      M3/S
 debit_sortie     =    61.99957421057225      M3/S
 -----------------------------------------------
 -----------------------------------------------
 Iteration number         23000 , t =     301.4054318989151     
 debit_entree             1  =     62.00000000000002     
 debit_entree_sum =    62.00000000000002      M3/S
 debit_sortie     =    62.00035505449823      M3/S
 -----------------------------------------------
 -----------------------------------------------
 Iteration number         24000 , t =     314.5198309812787     
 debit_entree             1  =     62.00000000000002     
 debit_entree_sum =    62.00000000000002      M3/S
 debit_sortie     =    62.00019989306051      M3/S
 -----------------------------------------------
 -----------------------------------------------
 Iteration number         25000 , t =     327.6342231662526     
 debit_entree             1  =     62.00000000000002     
 debit_entree_sum =    62.00000000000002      M3/S
 debit_sortie     =    61.99990631963328      M3/S
 -----------------------------------------------
 -----------------------------------------------
 Iteration number         26000 , t =     340.7486045621149     
 debit_entree             1  =     62.00000000000002     
 debit_entree_sum =    62.00000000000002      M3/S
 debit_sortie     =    61.99995325968353      M3/S
 -----------------------------------------------
 -----------------------------------------------
 Iteration number         27000 , t =     353.8629758927912     
 debit_entree             1  =     62.00000000000002     
 debit_entree_sum =    62.00000000000002      M3/S
 debit_sortie     =    62.00002601501334      M3/S
 -----------------------------------------------
 -----------------------------------------------
 Iteration number         28000 , t =     366.9773382557011     
 debit_entree             1  =     62.00000000000002     
 debit_entree_sum =    62.00000000000002      M3/S
 debit_sortie     =    61.99998283608011      M3/S
 -----------------------------------------------
 -----------------------------------------------
 Iteration number         29000 , t =     380.0916934920830     
 debit_entree             1  =     62.00000000000002     
 debit_entree_sum =    62.00000000000002      M3/S
 debit_sortie     =    61.99995904477066      M3/S
 -----------------------------------------------
 -----------------------------------------------
 Iteration number         30000 , t =     393.2060431983338     
 debit_entree             1  =     62.00000000000002     
 debit_entree_sum =    62.00000000000002      M3/S
 debit_sortie     =    62.00000205318462      M3/S
 -----------------------------------------------
 -----------------------------------------------
 Iteration number         31000 , t =     406.3203882016663     
 debit_entree             1  =     62.00000000000002     
 debit_entree_sum =    62.00000000000002      M3/S
 debit_sortie     =    61.99999156999440      M3/S
 -----------------------------------------------
 -----------------------------------------------
 Iteration number         32000 , t =     419.4347292117126     
 debit_entree             1  =     62.00000000000002     
 debit_entree_sum =    62.00000000000002      M3/S
 debit_sortie     =    62.00025226302008      M3/S
 -----------------------------------------------
 -----------------------------------------------
 Iteration number         33000 , t =     432.5490671153999     
 debit_entree             1  =     62.00000000000002     
 debit_entree_sum =    62.00000000000002      M3/S
 debit_sortie     =    62.00002413748235      M3/S
 -----------------------------------------------
 -----------------------------------------------
 Iteration number         34000 , t =     445.6634027377568     
 debit_entree             1  =     62.00000000000002     
 debit_entree_sum =    62.00000000000002      M3/S
 debit_sortie     =    62.00003035946111      M3/S
 -----------------------------------------------
 -----------------------------------------------
 Iteration number         35000 , t =     458.7777367099318     
 debit_entree             1  =     62.00000000000002     
 debit_entree_sum =    62.00000000000002      M3/S
 debit_sortie     =    62.00000380310587      M3/S
 -----------------------------------------------
 -----------------------------------------------
 Iteration number         36000 , t =     471.8920695125448     
 debit_entree             1  =     62.00000000000002     
 debit_entree_sum =    62.00000000000002      M3/S
 debit_sortie     =    62.00003568174265      M3/S
 -----------------------------------------------
 -----------------------------------------------
 Iteration number         37000 , t =     485.0064015048090     
 debit_entree             1  =     62.00000000000002     
 debit_entree_sum =    62.00000000000002      M3/S
 debit_sortie     =    62.00000351918208      M3/S
 -----------------------------------------------
 -----------------------------------------------
 Iteration number         38000 , t =     498.1207329354248     
 debit_entree             1  =     62.00000000000002     
 debit_entree_sum =    62.00000000000002      M3/S
 debit_sortie     =    62.00003572854402      M3/S
 -----------------------------------------------
 -----------------------------------------------
 Iteration number         39000 , t =     511.2350639725528     
 debit_entree             1  =     62.00000000000002     
 debit_entree_sum =    62.00000000000002      M3/S
 debit_sortie     =    61.99999814139427      M3/S
 -----------------------------------------------
 -----------------------------------------------
 Iteration number         40000 , t =     524.3493947322096     
 debit_entree             1  =     62.00000000000002     
 debit_entree_sum =    62.00000000000002      M3/S
 debit_sortie     =    62.00002859299031      M3/S
 -----------------------------------------------
 -----------------------------------------------
 Iteration number         41000 , t =     537.4637252927602     
 debit_entree             1  =     62.00000000000002     
 debit_entree_sum =    62.00000000000002      M3/S
 debit_sortie     =    61.99998814709132      M3/S
 -----------------------------------------------
 -----------------------------------------------
 Iteration number         42000 , t =     550.5780557056765     
 debit_entree             1  =     62.00000000000002     
 debit_entree_sum =    62.00000000000002      M3/S
 debit_sortie     =    62.00001578383609      M3/S
 -----------------------------------------------
 -----------------------------------------------
 Iteration number         43000 , t =     563.6923860059474     
 debit_entree             1  =     62.00000000000002     
 debit_entree_sum =    62.00000000000002      M3/S
 debit_sortie     =    61.99997509736269      M3/S
 -----------------------------------------------
 -----------------------------------------------
 Iteration number         44000 , t =     576.8067162189486     
 debit_entree             1  =     62.00000000000002     
 debit_entree_sum =    62.00000000000002      M3/S
 debit_sortie     =    61.99999868525467      M3/S
 -----------------------------------------------
 -----------------------------------------------
 Iteration number         45000 , t =     589.9210463638859     
 debit_entree             1  =     62.00000000000002     
 debit_entree_sum =    62.00000000000002      M3/S
 debit_sortie     =    61.99996155051200      M3/S
 -----------------------------------------------
 -----------------------------------------------
 Iteration number         46000 , t =     603.0353764558600     
 debit_entree             1  =     62.00000000000002     
 debit_entree_sum =    62.00000000000002      M3/S
 debit_sortie     =    61.99997996369115      M3/S
 -----------------------------------------------
 -----------------------------------------------
 Iteration number         47000 , t =     616.1497065071222     
 debit_entree             1  =     62.00000000000002     
 debit_entree_sum =    62.00000000000002      M3/S
 debit_sortie     =    61.99995092164325      M3/S
 -----------------------------------------------
 -----------------------------------------------
 Iteration number         48000 , t =     629.2640365276352     
 debit_entree             1  =     62.00000000000002     
 debit_entree_sum =    62.00000000000002      M3/S
 debit_sortie     =    61.99996319610236      M3/S
 -----------------------------------------------
 -----------------------------------------------
 Iteration number         49000 , t =     642.3783665253557     
 debit_entree             1  =     62.00000000000002     
 debit_entree_sum =    62.00000000000002      M3/S
 debit_sortie     =    61.99994762697179      M3/S
 -----------------------------------------------
 -----------------------------------------------
 Iteration number         50000 , t =     655.4926965064997     
 debit_entree             1  =     62.00000000000002     
 debit_entree_sum =    62.00000000000002      M3/S
 debit_sortie     =    61.99995299973600      M3/S
 -----------------------------------------------
 -----------------------------------------------
 Iteration number         51000 , t =     668.6070264758049     
 debit_entree             1  =     62.00000000000002     
 debit_entree_sum =    62.00000000000002      M3/S
 debit_sortie     =    61.99995701810533      M3/S
 -----------------------------------------------
 -----------------------------------------------
 Iteration number         52000 , t =     681.7213564367731     
 debit_entree             1  =     62.00000000000002     
 debit_entree_sum =    62.00000000000002      M3/S
 debit_sortie     =    61.99995502134378      M3/S
 -----------------------------------------------
 -----------------------------------------------
 Iteration number         53000 , t =     694.8356863919174     
 debit_entree             1  =     62.00000000000002     
 debit_entree_sum =    62.00000000000002      M3/S
 debit_sortie     =    61.99998542749892      M3/S
 -----------------------------------------------
 -----------------------------------------------
 Iteration number         54000 , t =     707.9500163429925     
 debit_entree             1  =     62.00000000000002     
 debit_entree_sum =    62.00000000000002      M3/S
 debit_sortie     =    61.99997597161087      M3/S
 -----------------------------------------------
 -----------------------------------------------
 Iteration number         55000 , t =     721.0643462912011     
 debit_entree             1  =     62.00000000000002     
 debit_entree_sum =    62.00000000000002      M3/S
 debit_sortie     =    62.00025269319445      M3/S
 -----------------------------------------------
 -----------------------------------------------
 Iteration number         56000 , t =     734.1786762373562     
 debit_entree             1  =     62.00000000000002     
 debit_entree_sum =    62.00000000000002      M3/S
 debit_sortie     =    62.00002448407154      M3/S
 -----------------------------------------------
 -----------------------------------------------
 Iteration number         57000 , t =     747.2930061820098     
 debit_entree             1  =     62.00000000000002     
 debit_entree_sum =    62.00000000000002      M3/S
 debit_sortie     =    62.00002430504608      M3/S
 -----------------------------------------------
 -----------------------------------------------
 Iteration number         58000 , t =     760.4073361255390     
 debit_entree             1  =     62.00000000000002     
 debit_entree_sum =    62.00000000000002      M3/S
 debit_sortie     =    61.99999953085938      M3/S
 -----------------------------------------------
 -----------------------------------------------
 Iteration number         59000 , t =     773.5216660682159     
 debit_entree             1  =     62.00000000000002     
 debit_entree_sum =    62.00000000000002      M3/S
 debit_sortie     =    62.00003301806672      M3/S
 -----------------------------------------------
 -----------------------------------------------
 Iteration number         60000 , t =     786.6359960102360     
 debit_entree             1  =     62.00000000000002     
 debit_entree_sum =    62.00000000000002      M3/S
 debit_sortie     =    62.00000142066093      M3/S
 -----------------------------------------------
 -----------------------------------------------
 Iteration number         61000 , t =     799.7503259517492     
 debit_entree             1  =     62.00000000000002     
 debit_entree_sum =    62.00000000000002      M3/S
 debit_sortie     =    62.00003409943655      M3/S
 -----------------------------------------------
 -----------------------------------------------
 Iteration number         62000 , t =     812.8646558928773     
 debit_entree             1  =     62.00000000000002     
 debit_entree_sum =    62.00000000000002      M3/S
 debit_sortie     =    61.99999709071271      M3/S
 -----------------------------------------------
 -----------------------------------------------
 Iteration number         63000 , t =     825.9789858337183     
 debit_entree             1  =     62.00000000000002     
 debit_entree_sum =    62.00000000000002      M3/S
 debit_sortie     =    62.00002788542073      M3/S
 -----------------------------------------------
 -----------------------------------------------
 Iteration number         64000 , t =     839.0933157743315     
 debit_entree             1  =     62.00000000000002     
 debit_entree_sum =    62.00000000000002      M3/S
 debit_sortie     =    61.99998762058455      M3/S
 -----------------------------------------------
 -----------------------------------------------
 Iteration number         65000 , t =     852.2076457147966     
 debit_entree             1  =     62.00000000000002     
 debit_entree_sum =    62.00000000000002      M3/S
 debit_sortie     =    62.00001540774493      M3/S
 -----------------------------------------------
 -----------------------------------------------
 Iteration number         66000 , t =     865.3219756551371     
 debit_entree             1  =     62.00000000000002     
 debit_entree_sum =    62.00000000000002      M3/S
 debit_sortie     =    61.99997484062850      M3/S
 -----------------------------------------------
 -----------------------------------------------
 Iteration number         67000 , t =     878.4363055953983     
 debit_entree             1  =     62.00000000000002     
 debit_entree_sum =    62.00000000000002      M3/S
 debit_sortie     =    61.99999849446045      M3/S
 -----------------------------------------------
 -----------------------------------------------
 Iteration number         68000 , t =     891.5506355356066     
 debit_entree             1  =     62.00000000000002     
 debit_entree_sum =    62.00000000000002      M3/S
 debit_sortie     =    61.99996140389751      M3/S
 -----------------------------------------------
 -----------------------------------------------
 Iteration number         69000 , t =     904.6649654758045     
 debit_entree             1  =     62.00000000000002     
 debit_entree_sum =    62.00000000000002      M3/S
 debit_sortie     =    61.99997985265635      M3/S
 -----------------------------------------------
 -----------------------------------------------
 Iteration number         70000 , t =     917.7792954158991     
 debit_entree             1  =     62.00000000000002     
 debit_entree_sum =    62.00000000000002      M3/S
 debit_sortie     =    61.99995083757868      M3/S
 -----------------------------------------------
 -----------------------------------------------
 Iteration number         71000 , t =     930.8936253559938     
 debit_entree             1  =     62.00000000000002     
 debit_entree_sum =    62.00000000000002      M3/S
 debit_sortie     =    61.99996313066768      M3/S
 -----------------------------------------------
 -----------------------------------------------
 Iteration number         72000 , t =     944.0079552960884     
 debit_entree             1  =     62.00000000000002     
 debit_entree_sum =    62.00000000000002      M3/S
 debit_sortie     =    61.99994757682931      M3/S
 -----------------------------------------------
 -----------------------------------------------
 Iteration number         73000 , t =     957.1222852361831     
 debit_entree             1  =     62.00000000000002     
 debit_entree_sum =    62.00000000000002      M3/S
 debit_sortie     =    61.99995296218151      M3/S
 -----------------------------------------------
 -----------------------------------------------
 Iteration number         74000 , t =     970.2366151762777     
 debit_entree             1  =     62.00000000000002     
 debit_entree_sum =    62.00000000000002      M3/S
 debit_sortie     =    61.99995699020508      M3/S
 -----------------------------------------------
 -----------------------------------------------
 Iteration number         75000 , t =     983.3509451163724     
 debit_entree             1  =     62.00000000000002     
 debit_entree_sum =    62.00000000000002      M3/S
 debit_sortie     =    61.99995500090071      M3/S
 -----------------------------------------------
 -----------------------------------------------
 Iteration number         76000 , t =     996.4652750564670     
 debit_entree             1  =     62.00000000000002     
 debit_entree_sum =    62.00000000000002      M3/S
 debit_sortie     =    61.99998541271720      M3/S
 -----------------------------------------------
 -----------------------------------------------
 Iteration number         77000 , t =     1009.579604996562     
 debit_entree             1  =     62.00000000000002     
 debit_entree_sum =    62.00000000000002      M3/S
 debit_sortie     =    61.99997596116039      M3/S
 -----------------------------------------------
 -----------------------------------------------
 Iteration number         78000 , t =     1022.693934936656     
 debit_entree             1  =     62.00000000000002     
 debit_entree_sum =    62.00000000000002      M3/S
 debit_sortie     =    62.00025268980675      M3/S
 -----------------------------------------------
 -----------------------------------------------
 Iteration number         79000 , t =     1035.808264876649     
 debit_entree             1  =     62.00000000000002     
 debit_entree_sum =    62.00000000000002      M3/S
 debit_sortie     =    62.00002448187333      M3/S
 -----------------------------------------------
 -----------------------------------------------
 Iteration number         80000 , t =     1048.922594816629     
 debit_entree             1  =     62.00000000000002     
 debit_entree_sum =    62.00000000000002      M3/S
 debit_sortie     =    62.00002430133419      M3/S
 -----------------------------------------------
 -----------------------------------------------
 Iteration number         81000 , t =     1062.036924756610     
 debit_entree             1  =     62.00000000000002     
 debit_entree_sum =    62.00000000000002      M3/S
 debit_sortie     =    61.99999952820744      M3/S
 -----------------------------------------------
 -----------------------------------------------
 Iteration number         82000 , t =     1075.151254696591     
 debit_entree             1  =     62.00000000000002     
 debit_entree_sum =    62.00000000000002      M3/S
 debit_sortie     =    62.00003301611814      M3/S
 -----------------------------------------------
 -----------------------------------------------
 Iteration number         83000 , t =     1088.265584636572     
 debit_entree             1  =     62.00000000000002     
 debit_entree_sum =    62.00000000000002      M3/S
 debit_sortie     =    62.00000141922049      M3/S
 -----------------------------------------------
 -----------------------------------------------
 Iteration number         84000 , t =     1101.379914576553     
 debit_entree             1  =     62.00000000000002     
 debit_entree_sum =    62.00000000000002      M3/S
 debit_sortie     =    62.00003409834441      M3/S
 -----------------------------------------------
 -----------------------------------------------
 Iteration number         85000 , t =     1114.494244516534     
 debit_entree             1  =     62.00000000000002     
 debit_entree_sum =    62.00000000000002      M3/S
 debit_sortie     =    61.99999708988712      M3/S
 -----------------------------------------------
 -----------------------------------------------
 Iteration number         86000 , t =     1127.608574456515     
 debit_entree             1  =     62.00000000000002     
 debit_entree_sum =    62.00000000000002      M3/S
 debit_sortie     =    62.00002788478720      M3/S
 -----------------------------------------------
 -----------------------------------------------
 Iteration number         87000 , t =     1140.722904396496     
 debit_entree             1  =     62.00000000000002     
 debit_entree_sum =    62.00000000000002      M3/S
 debit_sortie     =    61.99998762010632      M3/S
 -----------------------------------------------
 -----------------------------------------------
 Iteration number         88000 , t =     1153.837234336477     
 debit_entree             1  =     62.00000000000002     
 debit_entree_sum =    62.00000000000002      M3/S
 debit_sortie     =    62.00001540738312      M3/S
 -----------------------------------------------
 -----------------------------------------------
 Iteration number         89000 , t =     1166.951564276458     
 debit_entree             1  =     62.00000000000002     
 debit_entree_sum =    62.00000000000002      M3/S
 debit_sortie     =    61.99997484036075      M3/S
 -----------------------------------------------
 -----------------------------------------------
 Iteration number         90000 , t =     1180.065894216439     
 debit_entree             1  =     62.00000000000002     
 debit_entree_sum =    62.00000000000002      M3/S
 debit_sortie     =    61.99999849426318      M3/S
 -----------------------------------------------
 -----------------------------------------------
 Iteration number         91000 , t =     1193.180224156420     
 debit_entree             1  =     62.00000000000002     
 debit_entree_sum =    62.00000000000002      M3/S
 debit_sortie     =    61.99996140375488      M3/S
 -----------------------------------------------
 -----------------------------------------------
 Iteration number         92000 , t =     1206.294554096401     
 debit_entree             1  =     62.00000000000002     
 debit_entree_sum =    62.00000000000002      M3/S
 debit_sortie     =    61.99997985255315      M3/S
 -----------------------------------------------
 -----------------------------------------------
 Iteration number         93000 , t =     1219.408884036382     
 debit_entree             1  =     62.00000000000002     
 debit_entree_sum =    62.00000000000002      M3/S
 debit_sortie     =    61.99995083750618      M3/S
 -----------------------------------------------
 -----------------------------------------------
 Iteration number         94000 , t =     1232.523213976363     
 debit_entree             1  =     62.00000000000002     
 debit_entree_sum =    62.00000000000002      M3/S
 debit_sortie     =    61.99996313061532      M3/S
 -----------------------------------------------
 -----------------------------------------------
 Iteration number         95000 , t =     1245.637543916344     
 debit_entree             1  =     62.00000000000002     
 debit_entree_sum =    62.00000000000002      M3/S
 debit_sortie     =    61.99994757679288      M3/S
 -----------------------------------------------
 -----------------------------------------------
 Iteration number         96000 , t =     1258.751873856325     
 debit_entree             1  =     62.00000000000002     
 debit_entree_sum =    62.00000000000002      M3/S
 debit_sortie     =    61.99995296215602      M3/S
 -----------------------------------------------
 -----------------------------------------------
 Iteration number         97000 , t =     1271.866203796306     
 debit_entree             1  =     62.00000000000002     
 debit_entree_sum =    62.00000000000002      M3/S
 debit_sortie     =    61.99995699018687      M3/S
 -----------------------------------------------
 -----------------------------------------------
 Iteration number         98000 , t =     1284.980533736287     
 debit_entree             1  =     62.00000000000002     
 debit_entree_sum =    62.00000000000002      M3/S
 debit_sortie     =    61.99995500088750      M3/S
 -----------------------------------------------
 -----------------------------------------------
 Iteration number         99000 , t =     1298.094863676268     
 debit_entree             1  =     62.00000000000002     
 debit_entree_sum =    62.00000000000002      M3/S
 debit_sortie     =    61.99998541270730      M3/S
 -----------------------------------------------
 -----------------------------------------------
 Iteration number        100000 , t =     1311.209193616249     
 debit_entree             1  =     62.00000000000002     
 debit_entree_sum =    62.00000000000002      M3/S
 debit_sortie     =    61.99997596115301      M3/S
 -----------------------------------------------
 -----------------------------------------------
 Iteration number        101000 , t =     1324.323523556230     
 debit_entree             1  =     62.00000000000002     
 debit_entree_sum =    62.00000000000002      M3/S
 debit_sortie     =    62.00025268980615      M3/S
 -----------------------------------------------
 -----------------------------------------------
 Iteration number        102000 , t =     1337.437853496211     
 debit_entree             1  =     62.00000000000002     
 debit_entree_sum =    62.00000000000002      M3/S
 debit_sortie     =    62.00002448187313      M3/S
 -----------------------------------------------
 -----------------------------------------------
 Iteration number        103000 , t =     1350.552183436192     
 debit_entree             1  =     62.00000000000002     
 debit_entree_sum =    62.00000000000002      M3/S
 debit_sortie     =    62.00002430133143      M3/S
 -----------------------------------------------
 -----------------------------------------------
 Iteration number        104000 , t =     1363.666513376173     
 debit_entree             1  =     62.00000000000002     
 debit_entree_sum =    62.00000000000002      M3/S
 debit_sortie     =    61.99999952820563      M3/S
 -----------------------------------------------
 -----------------------------------------------
 Iteration number        105000 , t =     1376.780843316154     
 debit_entree             1  =     62.00000000000002     
 debit_entree_sum =    62.00000000000002      M3/S
 debit_sortie     =    62.00003301611707      M3/S
 -----------------------------------------------
 -----------------------------------------------
 Iteration number        106000 , t =     1389.895173256135     
 debit_entree             1  =     62.00000000000002     
 debit_entree_sum =    62.00000000000002      M3/S
 debit_sortie     =    62.00000141921980      M3/S
 -----------------------------------------------
 -----------------------------------------------
 Iteration number        107000 , t =     1403.009503196115     
 debit_entree             1  =     62.00000000000002     
 debit_entree_sum =    62.00000000000002      M3/S
 debit_sortie     =    62.00003409834418      M3/S
 -----------------------------------------------
 -----------------------------------------------
 Iteration number        108000 , t =     1416.123833136096     
 debit_entree             1  =     62.00000000000002     
 debit_entree_sum =    62.00000000000002      M3/S
 debit_sortie     =    61.99999708988705      M3/S
 -----------------------------------------------
 -----------------------------------------------
 Iteration number        109000 , t =     1429.238163076077     
 debit_entree             1  =     62.00000000000002     
 debit_entree_sum =    62.00000000000002      M3/S
 debit_sortie     =    62.00002788478720      M3/S
 -----------------------------------------------
 -----------------------------------------------
 Iteration number        110000 , t =     1442.352493016058     
 debit_entree             1  =     62.00000000000002     
 debit_entree_sum =    62.00000000000002      M3/S
 debit_sortie     =    61.99998762010637      M3/S
 -----------------------------------------------
 -----------------------------------------------
 Iteration number        111000 , t =     1455.466822956039     
 debit_entree             1  =     62.00000000000002     
 debit_entree_sum =    62.00000000000002      M3/S
 debit_sortie     =    62.00001540738324      M3/S
 -----------------------------------------------
 -----------------------------------------------
 Iteration number        112000 , t =     1468.581152896020     
 debit_entree             1  =     62.00000000000002     
 debit_entree_sum =    62.00000000000002      M3/S
 debit_sortie     =    61.99997484036076      M3/S
 -----------------------------------------------
 -----------------------------------------------
 Iteration number        113000 , t =     1481.695482836001     
 debit_entree             1  =     62.00000000000002     
 debit_entree_sum =    62.00000000000002      M3/S
 debit_sortie     =    61.99999849426313      M3/S
 -----------------------------------------------
 -----------------------------------------------
 Iteration number        114000 , t =     1494.809812775982     
 debit_entree             1  =     62.00000000000002     
 debit_entree_sum =    62.00000000000002      M3/S
 debit_sortie     =    61.99996140375491      M3/S
 -----------------------------------------------
 -----------------------------------------------
 Iteration number        115000 , t =     1507.924142715963     
 debit_entree             1  =     62.00000000000002     
 debit_entree_sum =    62.00000000000002      M3/S
 debit_sortie     =    61.99997985255324      M3/S
 -----------------------------------------------
 -----------------------------------------------
 Iteration number        116000 , t =     1521.038472655944     
 debit_entree             1  =     62.00000000000002     
 debit_entree_sum =    62.00000000000002      M3/S
 debit_sortie     =    61.99995083750631      M3/S
 -----------------------------------------------
 -----------------------------------------------
 Iteration number        117000 , t =     1534.152802595925     
 debit_entree             1  =     62.00000000000002     
 debit_entree_sum =    62.00000000000002      M3/S
 debit_sortie     =    61.99996313061540      M3/S
 -----------------------------------------------
 -----------------------------------------------
 Iteration number        118000 , t =     1547.267132535906     
 debit_entree             1  =     62.00000000000002     
 debit_entree_sum =    62.00000000000002      M3/S
 debit_sortie     =    61.99994757679296      M3/S
 -----------------------------------------------
 -----------------------------------------------
 Iteration number        119000 , t =     1560.381462475887     
 debit_entree             1  =     62.00000000000002     
 debit_entree_sum =    62.00000000000002      M3/S
 debit_sortie     =    61.99995296215603      M3/S
 -----------------------------------------------
 -----------------------------------------------
 Iteration number        120000 , t =     1573.495792415868     
 debit_entree             1  =     62.00000000000002     
 debit_entree_sum =    62.00000000000002      M3/S
 debit_sortie     =    61.99995699018692      M3/S
 -----------------------------------------------
 -----------------------------------------------
 Iteration number        121000 , t =     1586.610122355849     
 debit_entree             1  =     62.00000000000002     
 debit_entree_sum =    62.00000000000002      M3/S
 debit_sortie     =    61.99995500088749      M3/S
 -----------------------------------------------
 -----------------------------------------------
 Iteration number        122000 , t =     1599.724452295830     
 debit_entree             1  =     62.00000000000002     
 debit_entree_sum =    62.00000000000002      M3/S
 debit_sortie     =    61.99998541270738      M3/S
 -----------------------------------------------
 -----------------------------------------------
 Iteration number        123000 , t =     1612.838782235811     
 debit_entree             1  =     62.00000000000002     
 debit_entree_sum =    62.00000000000002      M3/S
 debit_sortie     =    61.99997596115305      M3/S
 -----------------------------------------------
 -----------------------------------------------
 Iteration number        124000 , t =     1625.953112175792     
 debit_entree             1  =     62.00000000000002     
 debit_entree_sum =    62.00000000000002      M3/S
 debit_sortie     =    62.00025268980613      M3/S
 -----------------------------------------------
 -----------------------------------------------
 Iteration number        125000 , t =     1639.067442115773     
 debit_entree             1  =     62.00000000000002     
 debit_entree_sum =    62.00000000000002      M3/S
 debit_sortie     =    62.00002448187317      M3/S
 -----------------------------------------------
 -----------------------------------------------
 Iteration number        126000 , t =     1652.181772055754     
 debit_entree             1  =     62.00000000000002     
 debit_entree_sum =    62.00000000000002      M3/S
 debit_sortie     =    62.00002430133146      M3/S
 -----------------------------------------------
 -----------------------------------------------
 Iteration number        127000 , t =     1665.296101995735     
 debit_entree             1  =     62.00000000000002     
 debit_entree_sum =    62.00000000000002      M3/S
 debit_sortie     =    61.99999952820562      M3/S
 -----------------------------------------------
 -----------------------------------------------
 Iteration number        128000 , t =     1678.410431935716     
 debit_entree             1  =     62.00000000000002     
 debit_entree_sum =    62.00000000000002      M3/S
 debit_sortie     =    62.00003301611711      M3/S
 -----------------------------------------------
 -----------------------------------------------
 Iteration number        129000 , t =     1691.524761875697     
 debit_entree             1  =     62.00000000000002     
 debit_entree_sum =    62.00000000000002      M3/S
 debit_sortie     =    62.00000141921976      M3/S
 -----------------------------------------------
 -----------------------------------------------
 Iteration number        130000 , t =     1704.639091815678     
 debit_entree             1  =     62.00000000000002     
 debit_entree_sum =    62.00000000000002      M3/S
 debit_sortie     =    62.00003409834415      M3/S
 -----------------------------------------------
 -----------------------------------------------
 Iteration number        131000 , t =     1717.753421755659     
 debit_entree             1  =     62.00000000000002     
 debit_entree_sum =    62.00000000000002      M3/S
 debit_sortie     =    61.99999708988716      M3/S
 -----------------------------------------------
 -----------------------------------------------
 Iteration number        132000 , t =     1730.867751695640     
 debit_entree             1  =     62.00000000000002     
 debit_entree_sum =    62.00000000000002      M3/S
 debit_sortie     =    62.00002788478721      M3/S
 -----------------------------------------------
 -----------------------------------------------
 Iteration number        133000 , t =     1743.982081635620     
 debit_entree             1  =     62.00000000000002     
 debit_entree_sum =    62.00000000000002      M3/S
 debit_sortie     =    61.99998762010644      M3/S
 -----------------------------------------------
 -----------------------------------------------
 Iteration number        134000 , t =     1757.096411575601     
 debit_entree             1  =     62.00000000000002     
 debit_entree_sum =    62.00000000000002      M3/S
 debit_sortie     =    62.00001540738330      M3/S
 -----------------------------------------------
 -----------------------------------------------
 Iteration number        135000 , t =     1770.210741515582     
 debit_entree             1  =     62.00000000000002     
 debit_entree_sum =    62.00000000000002      M3/S
 debit_sortie     =    61.99997484036078      M3/S
 -----------------------------------------------
 -----------------------------------------------
 Iteration number        136000 , t =     1783.325071455563     
 debit_entree             1  =     62.00000000000002     
 debit_entree_sum =    62.00000000000002      M3/S
 debit_sortie     =    61.99999849426317      M3/S
 -----------------------------------------------
 -----------------------------------------------
 Iteration number        137000 , t =     1796.439401395544     
 debit_entree             1  =     62.00000000000002     
 debit_entree_sum =    62.00000000000002      M3/S
 debit_sortie     =    61.99996140375490      M3/S
 -----------------------------------------------
 -----------------------------------------------
 Iteration number        138000 , t =     1809.553731335525     
 debit_entree             1  =     62.00000000000002     
 debit_entree_sum =    62.00000000000002      M3/S
 debit_sortie     =    61.99997985255322      M3/S
 -----------------------------------------------
 -----------------------------------------------
 Iteration number        139000 , t =     1822.668061275506     
 debit_entree             1  =     62.00000000000002     
 debit_entree_sum =    62.00000000000002      M3/S
 debit_sortie     =    61.99995083750630      M3/S
 -----------------------------------------------
 -----------------------------------------------
 Iteration number        140000 , t =     1835.782391215487     
 debit_entree             1  =     62.00000000000002     
 debit_entree_sum =    62.00000000000002      M3/S
 debit_sortie     =    61.99996313061542      M3/S
 -----------------------------------------------
 -----------------------------------------------
 Iteration number        141000 , t =     1848.896721155468     
 debit_entree             1  =     62.00000000000002     
 debit_entree_sum =    62.00000000000002      M3/S
 debit_sortie     =    61.99994757679298      M3/S
 -----------------------------------------------
 -----------------------------------------------
 Iteration number        142000 , t =     1862.011051095449     
 debit_entree             1  =     62.00000000000002     
 debit_entree_sum =    62.00000000000002      M3/S
 debit_sortie     =    61.99995296215597      M3/S
 -----------------------------------------------
 -----------------------------------------------
 Iteration number        143000 , t =     1875.125381035430     
 debit_entree             1  =     62.00000000000002     
 debit_entree_sum =    62.00000000000002      M3/S
 debit_sortie     =    61.99995699018687      M3/S
 -----------------------------------------------
 -----------------------------------------------
 Iteration number        144000 , t =     1888.239710975411     
 debit_entree             1  =     62.00000000000002     
 debit_entree_sum =    62.00000000000002      M3/S
 debit_sortie     =    61.99995500088755      M3/S
 -----------------------------------------------
 -----------------------------------------------
 Iteration number        145000 , t =     1901.354040915392     
 debit_entree             1  =     62.00000000000002     
 debit_entree_sum =    62.00000000000002      M3/S
 debit_sortie     =    61.99998541270739      M3/S
 -----------------------------------------------
 -----------------------------------------------
 Iteration number        146000 , t =     1914.468370855373     
 debit_entree             1  =     62.00000000000002     
 debit_entree_sum =    62.00000000000002      M3/S
 debit_sortie     =    61.99997596115301      M3/S
 -----------------------------------------------
 -----------------------------------------------
 Iteration number        147000 , t =     1927.582700795354     
 debit_entree             1  =     62.00000000000002     
 debit_entree_sum =    62.00000000000002      M3/S
 debit_sortie     =    62.00025268980617      M3/S
 -----------------------------------------------
 -----------------------------------------------
 Iteration number        148000 , t =     1940.697030735335     
 debit_entree             1  =     62.00000000000002     
 debit_entree_sum =    62.00000000000002      M3/S
 debit_sortie     =    62.00002448187317      M3/S
 -----------------------------------------------
 -----------------------------------------------
 Iteration number        149000 , t =     1953.811360675316     
 debit_entree             1  =     62.00000000000002     
 debit_entree_sum =    62.00000000000002      M3/S
 debit_sortie     =    62.00002430133149      M3/S
 -----------------------------------------------
 -----------------------------------------------
 Iteration number        150000 , t =     1966.925690615297     
 debit_entree             1  =     62.00000000000002     
 debit_entree_sum =    62.00000000000002      M3/S
 debit_sortie     =    61.99999952820559      M3/S
 -----------------------------------------------
 -----------------------------------------------
 Iteration number        151000 , t =     1980.040020555278     
 debit_entree             1  =     62.00000000000002     
 debit_entree_sum =    62.00000000000002      M3/S
 debit_sortie     =    62.00003301611711      M3/S
 -----------------------------------------------
 -----------------------------------------------
 Iteration number        152000 , t =     1993.154350495259     
 debit_entree             1  =     62.00000000000002     
 debit_entree_sum =    62.00000000000002      M3/S
 debit_sortie     =    62.00000141921979      M3/S
 -----------------------------------------------
 -----------------------------------------------
 Iteration number        153000 , t =     2006.268680435240     
 debit_entree             1  =     62.00000000000002     
 debit_entree_sum =    62.00000000000002      M3/S
 debit_sortie     =    62.00003409834414      M3/S
 -----------------------------------------------
 -----------------------------------------------
 Iteration number        154000 , t =     2019.383010375221     
 debit_entree             1  =     62.00000000000002     
 debit_entree_sum =    62.00000000000002      M3/S
 debit_sortie     =    61.99999708988715      M3/S
 -----------------------------------------------
 -----------------------------------------------
 Iteration number        155000 , t =     2032.497340315202     
 debit_entree             1  =     62.00000000000002     
 debit_entree_sum =    62.00000000000002      M3/S
 debit_sortie     =    62.00002788478724      M3/S
 -----------------------------------------------
 -----------------------------------------------
 Iteration number        156000 , t =     2045.611670255183     
 debit_entree             1  =     62.00000000000002     
 debit_entree_sum =    62.00000000000002      M3/S
 debit_sortie     =    61.99998762010647      M3/S
 -----------------------------------------------
 -----------------------------------------------
 Iteration number        157000 , t =     2058.726000195164     
 debit_entree             1  =     62.00000000000002     
 debit_entree_sum =    62.00000000000002      M3/S
 debit_sortie     =    62.00001540738334      M3/S
 -----------------------------------------------
 -----------------------------------------------
 Iteration number        158000 , t =     2071.840330135145     
 debit_entree             1  =     62.00000000000002     
 debit_entree_sum =    62.00000000000002      M3/S
 debit_sortie     =    61.99997484036073      M3/S
 -----------------------------------------------
 -----------------------------------------------
 Iteration number        159000 , t =     2084.954660075126     
 debit_entree             1  =     62.00000000000002     
 debit_entree_sum =    62.00000000000002      M3/S
 debit_sortie     =    61.99999849426320      M3/S
 -----------------------------------------------
 -----------------------------------------------
 Iteration number        160000 , t =     2098.068990015106     
 debit_entree             1  =     62.00000000000002     
 debit_entree_sum =    62.00000000000002      M3/S
 debit_sortie     =    61.99996140375494      M3/S
 -----------------------------------------------
 -----------------------------------------------
 Iteration number        161000 , t =     2111.183319955087     
 debit_entree             1  =     62.00000000000002     
 debit_entree_sum =    62.00000000000002      M3/S
 debit_sortie     =    61.99997985255327      M3/S
 -----------------------------------------------
 -----------------------------------------------
 Iteration number        162000 , t =     2124.297649895068     
 debit_entree             1  =     62.00000000000002     
 debit_entree_sum =    62.00000000000002      M3/S
 debit_sortie     =    61.99995083750629      M3/S
 -----------------------------------------------
 -----------------------------------------------
 Iteration number        163000 , t =     2137.411979835049     
 debit_entree             1  =     62.00000000000002     
 debit_entree_sum =    62.00000000000002      M3/S
 debit_sortie     =    61.99996313061546      M3/S
 -----------------------------------------------
 -----------------------------------------------
 Iteration number        164000 , t =     2150.526309775030     
 debit_entree             1  =     62.00000000000002     
 debit_entree_sum =    62.00000000000002      M3/S
 debit_sortie     =    61.99994757679295      M3/S
 -----------------------------------------------
 -----------------------------------------------
 Iteration number        165000 , t =     2163.640639715011     
 debit_entree             1  =     62.00000000000002     
 debit_entree_sum =    62.00000000000002      M3/S
 debit_sortie     =    61.99995296215602      M3/S
 -----------------------------------------------
 -----------------------------------------------
 Iteration number        166000 , t =     2176.754969654992     
 debit_entree             1  =     62.00000000000002     
 debit_entree_sum =    62.00000000000002      M3/S
 debit_sortie     =    61.99995699018690      M3/S
 -----------------------------------------------
 -----------------------------------------------
 Iteration number        167000 , t =     2189.869299594973     
 debit_entree             1  =     62.00000000000002     
 debit_entree_sum =    62.00000000000002      M3/S
 debit_sortie     =    61.99995500088753      M3/S
 -----------------------------------------------
 -----------------------------------------------
 Iteration number        168000 , t =     2202.983629534954     
 debit_entree             1  =     62.00000000000002     
 debit_entree_sum =    62.00000000000002      M3/S
 debit_sortie     =    61.99998541270737      M3/S
 -----------------------------------------------
 -----------------------------------------------
 Iteration number        169000 , t =     2216.097959474935     
 debit_entree             1  =     62.00000000000002     
 debit_entree_sum =    62.00000000000002      M3/S
 debit_sortie     =    61.99997596115311      M3/S
 -----------------------------------------------
 -----------------------------------------------
 Iteration number        170000 , t =     2229.212289414916     
 debit_entree             1  =     62.00000000000002     
 debit_entree_sum =    62.00000000000002      M3/S
 debit_sortie     =    62.00025268980616      M3/S
 -----------------------------------------------
 -----------------------------------------------
 Iteration number        171000 , t =     2242.326619354897     
 debit_entree             1  =     62.00000000000002     
 debit_entree_sum =    62.00000000000002      M3/S
 debit_sortie     =    62.00002448187323      M3/S
 -----------------------------------------------
 -----------------------------------------------
 Iteration number        172000 , t =     2255.440949294878     
 debit_entree             1  =     62.00000000000002     
 debit_entree_sum =    62.00000000000002      M3/S
 debit_sortie     =    62.00002430133148      M3/S
 -----------------------------------------------
 -----------------------------------------------
 Iteration number        173000 , t =     2268.555279234859     
 debit_entree             1  =     62.00000000000002     
 debit_entree_sum =    62.00000000000002      M3/S
 debit_sortie     =    61.99999952820566      M3/S
 -----------------------------------------------
 -----------------------------------------------
 Iteration number        174000 , t =     2281.669609174840     
 debit_entree             1  =     62.00000000000002     
 debit_entree_sum =    62.00000000000002      M3/S
 debit_sortie     =    62.00003301611710      M3/S
 -----------------------------------------------
 -----------------------------------------------
 Iteration number        175000 , t =     2294.783939114821     
 debit_entree             1  =     62.00000000000002     
 debit_entree_sum =    62.00000000000002      M3/S
 debit_sortie     =    62.00000141921979      M3/S
 -----------------------------------------------
 -----------------------------------------------
 Iteration number        176000 , t =     2307.898269054802     
 debit_entree             1  =     62.00000000000002     
 debit_entree_sum =    62.00000000000002      M3/S
 debit_sortie     =    62.00003409834423      M3/S
 -----------------------------------------------
 -----------------------------------------------
 Iteration number        177000 , t =     2321.012598994783     
 debit_entree             1  =     62.00000000000002     
 debit_entree_sum =    62.00000000000002      M3/S
 debit_sortie     =    61.99999708988721      M3/S
 -----------------------------------------------
 -----------------------------------------------
 Iteration number        178000 , t =     2334.126928934764     
 debit_entree             1  =     62.00000000000002     
 debit_entree_sum =    62.00000000000002      M3/S
 debit_sortie     =    62.00002788478726      M3/S
 -----------------------------------------------
 -----------------------------------------------
 Iteration number        179000 , t =     2347.241258874745     
 debit_entree             1  =     62.00000000000002     
 debit_entree_sum =    62.00000000000002      M3/S
 debit_sortie     =    61.99998762010642      M3/S
 -----------------------------------------------
 -----------------------------------------------
 Iteration number        180000 , t =     2360.355588814726     
 debit_entree             1  =     62.00000000000002     
 debit_entree_sum =    62.00000000000002      M3/S
 debit_sortie     =    62.00001540738327      M3/S
 -----------------------------------------------
 -----------------------------------------------
 Iteration number        181000 , t =     2373.469918754707     
 debit_entree             1  =     62.00000000000002     
 debit_entree_sum =    62.00000000000002      M3/S
 debit_sortie     =    61.99997484036082      M3/S
 -----------------------------------------------
 -----------------------------------------------
 Iteration number        182000 , t =     2386.584248694688     
 debit_entree             1  =     62.00000000000002     
 debit_entree_sum =    62.00000000000002      M3/S
 debit_sortie     =    61.99999849426317      M3/S
 -----------------------------------------------
 -----------------------------------------------
 Iteration number        183000 , t =     2399.698578634669     
 debit_entree             1  =     62.00000000000002     
 debit_entree_sum =    62.00000000000002      M3/S
 debit_sortie     =    61.99996140375491      M3/S
 -----------------------------------------------
 -----------------------------------------------
 Iteration number        184000 , t =     2412.812908574650     
 debit_entree             1  =     62.00000000000002     
 debit_entree_sum =    62.00000000000002      M3/S
 debit_sortie     =    61.99997985255321      M3/S
 -----------------------------------------------
 -----------------------------------------------
 Iteration number        185000 , t =     2425.927238514631     
 debit_entree             1  =     62.00000000000002     
 debit_entree_sum =    62.00000000000002      M3/S
 debit_sortie     =    61.99995083750629      M3/S
 -----------------------------------------------
 -----------------------------------------------
 Iteration number        186000 , t =     2439.041568454611     
 debit_entree             1  =     62.00000000000002     
 debit_entree_sum =    62.00000000000002      M3/S
 debit_sortie     =    61.99996313061540      M3/S
 -----------------------------------------------
 -----------------------------------------------
 Iteration number        187000 , t =     2452.155898394592     
 debit_entree             1  =     62.00000000000002     
 debit_entree_sum =    62.00000000000002      M3/S
 debit_sortie     =    61.99994757679292      M3/S
 -----------------------------------------------
 -----------------------------------------------
 Iteration number        188000 , t =     2465.270228334573     
 debit_entree             1  =     62.00000000000002     
 debit_entree_sum =    62.00000000000002      M3/S
 debit_sortie     =    61.99995296215609      M3/S
 -----------------------------------------------
 -----------------------------------------------
 Iteration number        189000 , t =     2478.384558274554     
 debit_entree             1  =     62.00000000000002     
 debit_entree_sum =    62.00000000000002      M3/S
 debit_sortie     =    61.99995699018693      M3/S
 -----------------------------------------------
 -----------------------------------------------
 Iteration number        190000 , t =     2491.498888214535     
 debit_entree             1  =     62.00000000000002     
 debit_entree_sum =    62.00000000000002      M3/S
 debit_sortie     =    61.99995500088748      M3/S
 -----------------------------------------------
 -----------------------------------------------
 Iteration number        191000 , t =     2504.613218154516     
 debit_entree             1  =     62.00000000000002     
 debit_entree_sum =    62.00000000000002      M3/S
 debit_sortie     =    61.99998541270737      M3/S
 -----------------------------------------------
 -----------------------------------------------
 Iteration number        192000 , t =     2517.727548094497     
 debit_entree             1  =     62.00000000000002     
 debit_entree_sum =    62.00000000000002      M3/S
 debit_sortie     =    61.99997596115306      M3/S
 -----------------------------------------------
 -----------------------------------------------
 Iteration number        193000 , t =     2530.841878034478     
 debit_entree             1  =     62.00000000000002     
 debit_entree_sum =    62.00000000000002      M3/S
 debit_sortie     =    62.00025268980615      M3/S
 -----------------------------------------------
 -----------------------------------------------
 Iteration number        194000 , t =     2543.956207974459     
 debit_entree             1  =     62.00000000000002     
 debit_entree_sum =    62.00000000000002      M3/S
 debit_sortie     =    62.00002448187323      M3/S
 -----------------------------------------------
 -----------------------------------------------
 Iteration number        195000 , t =     2557.070537914440     
 debit_entree             1  =     62.00000000000002     
 debit_entree_sum =    62.00000000000002      M3/S
 debit_sortie     =    62.00002430133150      M3/S
 -----------------------------------------------
 -----------------------------------------------
 Iteration number        196000 , t =     2570.184867854421     
 debit_entree             1  =     62.00000000000002     
 debit_entree_sum =    62.00000000000002      M3/S
 debit_sortie     =    61.99999952820562      M3/S
 -----------------------------------------------
 -----------------------------------------------
 Iteration number        197000 , t =     2583.299197794402     
 debit_entree             1  =     62.00000000000002     
 debit_entree_sum =    62.00000000000002      M3/S
 debit_sortie     =    62.00003301611709      M3/S
 -----------------------------------------------
 -----------------------------------------------
 Iteration number        198000 , t =     2596.413527734383     
 debit_entree             1  =     62.00000000000002     
 debit_entree_sum =    62.00000000000002      M3/S
 debit_sortie     =    62.00000141921983      M3/S
 -----------------------------------------------
 -----------------------------------------------
 Iteration number        199000 , t =     2609.527857674364     
 debit_entree             1  =     62.00000000000002     
 debit_entree_sum =    62.00000000000002      M3/S
 debit_sortie     =    62.00003409834420      M3/S
 -----------------------------------------------
 -----------------------------------------------
 Iteration number        200000 , t =     2622.642187614345     
 debit_entree             1  =     62.00000000000002     
 debit_entree_sum =    62.00000000000002      M3/S
 debit_sortie     =    61.99999708988720      M3/S
 -----------------------------------------------
 -----------------------------------------------
 Iteration number        201000 , t =     2635.756517554326     
 debit_entree             1  =     62.00000000000002     
 debit_entree_sum =    62.00000000000002      M3/S
 debit_sortie     =    62.00002788478724      M3/S
 -----------------------------------------------
 -----------------------------------------------
 Iteration number        202000 , t =     2648.870847494307     
 debit_entree             1  =     62.00000000000002     
 debit_entree_sum =    62.00000000000002      M3/S
 debit_sortie     =    61.99998762010644      M3/S
 -----------------------------------------------
 -----------------------------------------------
 Iteration number        203000 , t =     2661.985177434288     
 debit_entree             1  =     62.00000000000002     
 debit_entree_sum =    62.00000000000002      M3/S
 debit_sortie     =    62.00001540738327      M3/S
 -----------------------------------------------
 -----------------------------------------------
 Iteration number        204000 , t =     2675.099507374269     
 debit_entree             1  =     62.00000000000002     
 debit_entree_sum =    62.00000000000002      M3/S
 debit_sortie     =    61.99997484036072      M3/S
 -----------------------------------------------
 -----------------------------------------------
 Iteration number        205000 , t =     2688.213837314250     
 debit_entree             1  =     62.00000000000002     
 debit_entree_sum =    62.00000000000002      M3/S
 debit_sortie     =    61.99999849426316      M3/S
 -----------------------------------------------
 -----------------------------------------------
 Iteration number        206000 , t =     2701.328167254231     
 debit_entree             1  =     62.00000000000002     
 debit_entree_sum =    62.00000000000002      M3/S
 debit_sortie     =    61.99996140375492      M3/S
 -----------------------------------------------
 -----------------------------------------------
 Iteration number        207000 , t =     2714.442497194212     
 debit_entree             1  =     62.00000000000002     
 debit_entree_sum =    62.00000000000002      M3/S
 debit_sortie     =    61.99997985255329      M3/S
 -----------------------------------------------
 -----------------------------------------------
 Iteration number        208000 , t =     2727.556827134193     
 debit_entree             1  =     62.00000000000002     
 debit_entree_sum =    62.00000000000002      M3/S
 debit_sortie     =    61.99995083750632      M3/S
 -----------------------------------------------
 -----------------------------------------------
 Iteration number        209000 , t =     2740.671157074174     
 debit_entree             1  =     62.00000000000002     
 debit_entree_sum =    62.00000000000002      M3/S
 debit_sortie     =    61.99996313061547      M3/S
 -----------------------------------------------
 -----------------------------------------------
 Iteration number        210000 , t =     2753.785487014155     
 debit_entree             1  =     62.00000000000002     
 debit_entree_sum =    62.00000000000002      M3/S
 debit_sortie     =    61.99994757679293      M3/S
 -----------------------------------------------
 -----------------------------------------------
 Iteration number        211000 , t =     2766.899816954136     
 debit_entree             1  =     62.00000000000002     
 debit_entree_sum =    62.00000000000002      M3/S
 debit_sortie     =    61.99995296215607      M3/S
 -----------------------------------------------
 -----------------------------------------------
 Iteration number        212000 , t =     2780.014146894116     
 debit_entree             1  =     62.00000000000002     
 debit_entree_sum =    62.00000000000002      M3/S
 debit_sortie     =    61.99995699018699      M3/S
 -----------------------------------------------
 -----------------------------------------------
 Iteration number        213000 , t =     2793.128476834097     
 debit_entree             1  =     62.00000000000002     
 debit_entree_sum =    62.00000000000002      M3/S
 debit_sortie     =    61.99995500088757      M3/S
 -----------------------------------------------
 -----------------------------------------------
 Iteration number        214000 , t =     2806.242806774078     
 debit_entree             1  =     62.00000000000002     
 debit_entree_sum =    62.00000000000002      M3/S
 debit_sortie     =    61.99998541270742      M3/S
 -----------------------------------------------
 -----------------------------------------------
 Iteration number        215000 , t =     2819.357136714059     
 debit_entree             1  =     62.00000000000002     
 debit_entree_sum =    62.00000000000002      M3/S
 debit_sortie     =    61.99997596115306      M3/S
 -----------------------------------------------
 -----------------------------------------------
 Iteration number        216000 , t =     2832.471466654040     
 debit_entree             1  =     62.00000000000002     
 debit_entree_sum =    62.00000000000002      M3/S
 debit_sortie     =    62.00025268980622      M3/S
 -----------------------------------------------
 -----------------------------------------------
 Iteration number        217000 , t =     2845.585796594021     
 debit_entree             1  =     62.00000000000002     
 debit_entree_sum =    62.00000000000002      M3/S
 debit_sortie     =    62.00002448187322      M3/S
 -----------------------------------------------
 -----------------------------------------------
 Iteration number        218000 , t =     2858.700126534002     
 debit_entree             1  =     62.00000000000002     
 debit_entree_sum =    62.00000000000002      M3/S
 debit_sortie     =    62.00002430133145      M3/S
 -----------------------------------------------
 -----------------------------------------------
 Iteration number        219000 , t =     2871.814456473983     
 debit_entree             1  =     62.00000000000002     
 debit_entree_sum =    62.00000000000002      M3/S
 debit_sortie     =    61.99999952820561      M3/S
 -----------------------------------------------
 -----------------------------------------------
 Iteration number        220000 , t =     2884.928786413964     
 debit_entree             1  =     62.00000000000002     
 debit_entree_sum =    62.00000000000002      M3/S
 debit_sortie     =    62.00003301611714      M3/S
 -----------------------------------------------
 -----------------------------------------------
 Iteration number        221000 , t =     2898.043116353945     
 debit_entree             1  =     62.00000000000002     
 debit_entree_sum =    62.00000000000002      M3/S
 debit_sortie     =    62.00000141921980      M3/S
 -----------------------------------------------
 -----------------------------------------------
 Iteration number        222000 , t =     2911.157446293926     
 debit_entree             1  =     62.00000000000002     
 debit_entree_sum =    62.00000000000002      M3/S
 debit_sortie     =    62.00003409834421      M3/S
 -----------------------------------------------
 -----------------------------------------------
 Iteration number        223000 , t =     2924.271776233907     
 debit_entree             1  =     62.00000000000002     
 debit_entree_sum =    62.00000000000002      M3/S
 debit_sortie     =    61.99999708988712      M3/S
 -----------------------------------------------
 -----------------------------------------------
 Iteration number        224000 , t =     2937.386106173888     
 debit_entree             1  =     62.00000000000002     
 debit_entree_sum =    62.00000000000002      M3/S
 debit_sortie     =    62.00002788478724      M3/S
 -----------------------------------------------
 -----------------------------------------------
 Iteration number        225000 , t =     2950.500436113869     
 debit_entree             1  =     62.00000000000002     
 debit_entree_sum =    62.00000000000002      M3/S
 debit_sortie     =    61.99998762010645      M3/S
 -----------------------------------------------
 -----------------------------------------------
 Iteration number        226000 , t =     2963.614766053850     
 debit_entree             1  =     62.00000000000002     
 debit_entree_sum =    62.00000000000002      M3/S
 debit_sortie     =    62.00001540738337      M3/S
 -----------------------------------------------
 -----------------------------------------------
 Iteration number        227000 , t =     2976.729095993831     
 debit_entree             1  =     62.00000000000002     
 debit_entree_sum =    62.00000000000002      M3/S
 debit_sortie     =    61.99997484036074      M3/S
 -----------------------------------------------
 -----------------------------------------------
 Iteration number        228000 , t =     2989.843425933812     
 debit_entree             1  =     62.00000000000002     
 debit_entree_sum =    62.00000000000002      M3/S
 debit_sortie     =    61.99999849426323      M3/S
 -----------------------------------------------
 -----------------------------------------------
 Iteration number        229000 , t =     3002.957755873793     
 debit_entree             1  =     62.00000000000002     
 debit_entree_sum =    62.00000000000002      M3/S
 debit_sortie     =    61.99996140375490      M3/S
 -----------------------------------------------
 -----------------------------------------------
 Iteration number        230000 , t =     3016.072085813774     
 debit_entree             1  =     62.00000000000002     
 debit_entree_sum =    62.00000000000002      M3/S
 debit_sortie     =    61.99997985255330      M3/S
 -----------------------------------------------
 -----------------------------------------------
 Iteration number        231000 , t =     3029.186415753755     
 debit_entree             1  =     62.00000000000002     
 debit_entree_sum =    62.00000000000002      M3/S
 debit_sortie     =    61.99995083750632      M3/S
 -----------------------------------------------
 -----------------------------------------------
 Iteration number        232000 , t =     3042.300745693736     
 debit_entree             1  =     62.00000000000002     
 debit_entree_sum =    62.00000000000002      M3/S
 debit_sortie     =    61.99996313061547      M3/S
 -----------------------------------------------
 -----------------------------------------------
 Iteration number        233000 , t =     3055.415075633717     
 debit_entree             1  =     62.00000000000002     
 debit_entree_sum =    62.00000000000002      M3/S
 debit_sortie     =    61.99994757679298      M3/S
 -----------------------------------------------
 -----------------------------------------------
 Iteration number        234000 , t =     3068.529405573698     
 debit_entree             1  =     62.00000000000002     
 debit_entree_sum =    62.00000000000002      M3/S
 debit_sortie     =    61.99995296215607      M3/S
 -----------------------------------------------
 -----------------------------------------------
 Iteration number        235000 , t =     3081.643735513679     
 debit_entree             1  =     62.00000000000002     
 debit_entree_sum =    62.00000000000002      M3/S
 debit_sortie     =    61.99995699018692      M3/S
 -----------------------------------------------
 -----------------------------------------------
 Iteration number        236000 , t =     3094.758065453660     
 debit_entree             1  =     62.00000000000002     
 debit_entree_sum =    62.00000000000002      M3/S
 debit_sortie     =    61.99995500088750      M3/S
 -----------------------------------------------
 -----------------------------------------------
 Iteration number        237000 , t =     3107.872395393641     
 debit_entree             1  =     62.00000000000002     
 debit_entree_sum =    62.00000000000002      M3/S
 debit_sortie     =    61.99998541270744      M3/S
 -----------------------------------------------
 -----------------------------------------------
 Iteration number        238000 , t =     3120.986725333622     
 debit_entree             1  =     62.00000000000002     
 debit_entree_sum =    62.00000000000002      M3/S
 debit_sortie     =    61.99997596115308      M3/S
 -----------------------------------------------
 -----------------------------------------------
 Iteration number        239000 , t =     3134.101055273602     
 debit_entree             1  =     62.00000000000002     
 debit_entree_sum =    62.00000000000002      M3/S
 debit_sortie     =    62.00025268980622      M3/S
 -----------------------------------------------
 -----------------------------------------------
 Iteration number        240000 , t =     3147.215385213583     
 debit_entree             1  =     62.00000000000002     
 debit_entree_sum =    62.00000000000002      M3/S
 debit_sortie     =    62.00002448187320      M3/S
 -----------------------------------------------
 -----------------------------------------------
 Iteration number        241000 , t =     3160.329715153564     
 debit_entree             1  =     62.00000000000002     
 debit_entree_sum =    62.00000000000002      M3/S
 debit_sortie     =    62.00002430133152      M3/S
 -----------------------------------------------
 -----------------------------------------------
 Iteration number        242000 , t =     3173.444045093545     
 debit_entree             1  =     62.00000000000002     
 debit_entree_sum =    62.00000000000002      M3/S
 debit_sortie     =    61.99999952820568      M3/S
 -----------------------------------------------
 -----------------------------------------------
 Iteration number        243000 , t =     3186.558375033526     
 debit_entree             1  =     62.00000000000002     
 debit_entree_sum =    62.00000000000002      M3/S
 debit_sortie     =    62.00003301611714      M3/S
 -----------------------------------------------
 -----------------------------------------------
 Iteration number        244000 , t =     3199.672704973507     
 debit_entree             1  =     62.00000000000002     
 debit_entree_sum =    62.00000000000002      M3/S
 debit_sortie     =    62.00000141921980      M3/S
 -----------------------------------------------
 -----------------------------------------------
 Iteration number        245000 , t =     3212.787034913488     
 debit_entree             1  =     62.00000000000002     
 debit_entree_sum =    62.00000000000002      M3/S
 debit_sortie     =    62.00003409834415      M3/S
 -----------------------------------------------
 -----------------------------------------------
 Iteration number        246000 , t =     3225.901364853469     
 debit_entree             1  =     62.00000000000002     
 debit_entree_sum =    62.00000000000002      M3/S
 debit_sortie     =    61.99999708988718      M3/S
 -----------------------------------------------
 -----------------------------------------------
 Iteration number        247000 , t =     3239.015694793450     
 debit_entree             1  =     62.00000000000002     
 debit_entree_sum =    62.00000000000002      M3/S
 debit_sortie     =    62.00002788478723      M3/S
 -----------------------------------------------
 -----------------------------------------------
 Iteration number        248000 , t =     3252.130024733431     
 debit_entree             1  =     62.00000000000002     
 debit_entree_sum =    62.00000000000002      M3/S
 debit_sortie     =    61.99998762010642      M3/S
 -----------------------------------------------
 -----------------------------------------------
 Iteration number        249000 , t =     3265.244354673412     
 debit_entree             1  =     62.00000000000002     
 debit_entree_sum =    62.00000000000002      M3/S
 debit_sortie     =    62.00001540738330      M3/S
 -----------------------------------------------
 -----------------------------------------------
 Iteration number        250000 , t =     3278.358684613393     
 debit_entree             1  =     62.00000000000002     
 debit_entree_sum =    62.00000000000002      M3/S
 debit_sortie     =    61.99997484036074      M3/S
 -----------------------------------------------
 -----------------------------------------------
 Iteration number        251000 , t =     3291.473014553374     
 debit_entree             1  =     62.00000000000002     
 debit_entree_sum =    62.00000000000002      M3/S
 debit_sortie     =    61.99999849426316      M3/S
 -----------------------------------------------
 -----------------------------------------------
 Iteration number        252000 , t =     3304.587344493355     
 debit_entree             1  =     62.00000000000002     
 debit_entree_sum =    62.00000000000002      M3/S
 debit_sortie     =    61.99996140375494      M3/S
 -----------------------------------------------
 -----------------------------------------------
 Iteration number        253000 , t =     3317.701674433336     
 debit_entree             1  =     62.00000000000002     
 debit_entree_sum =    62.00000000000002      M3/S
 debit_sortie     =    61.99997985255325      M3/S
 -----------------------------------------------
 -----------------------------------------------
 Iteration number        254000 , t =     3330.816004373317     
 debit_entree             1  =     62.00000000000002     
 debit_entree_sum =    62.00000000000002      M3/S
 debit_sortie     =    61.99995083750628      M3/S
 -----------------------------------------------
 -----------------------------------------------
 Iteration number        255000 , t =     3343.930334313298     
 debit_entree             1  =     62.00000000000002     
 debit_entree_sum =    62.00000000000002      M3/S
 debit_sortie     =    61.99996313061546      M3/S
 -----------------------------------------------
 -----------------------------------------------
 Iteration number        256000 , t =     3357.044664253279     
 debit_entree             1  =     62.00000000000002     
 debit_entree_sum =    62.00000000000002      M3/S
 debit_sortie     =    61.99994757679299      M3/S
 -----------------------------------------------
 -----------------------------------------------
 Iteration number        257000 , t =     3370.158994193260     
 debit_entree             1  =     62.00000000000002     
 debit_entree_sum =    62.00000000000002      M3/S
 debit_sortie     =    61.99995296215604      M3/S
 -----------------------------------------------
 -----------------------------------------------
 Iteration number        258000 , t =     3383.273324133241     
 debit_entree             1  =     62.00000000000002     
 debit_entree_sum =    62.00000000000002      M3/S
 debit_sortie     =    61.99995699018693      M3/S
 -----------------------------------------------
 -----------------------------------------------
 Iteration number        259000 , t =     3396.387654073222     
 debit_entree             1  =     62.00000000000002     
 debit_entree_sum =    62.00000000000002      M3/S
 debit_sortie     =    61.99995500088756      M3/S
 -----------------------------------------------
 -----------------------------------------------
 Iteration number        260000 , t =     3409.501984013203     
 debit_entree             1  =     62.00000000000002     
 debit_entree_sum =    62.00000000000002      M3/S
 debit_sortie     =    61.99998541270745      M3/S
 -----------------------------------------------
 -----------------------------------------------
 Iteration number        261000 , t =     3422.616313953184     
 debit_entree             1  =     62.00000000000002     
 debit_entree_sum =    62.00000000000002      M3/S
 debit_sortie     =    61.99997596115313      M3/S
 -----------------------------------------------
 -----------------------------------------------
 Iteration number        262000 , t =     3435.730643893165     
 debit_entree             1  =     62.00000000000002     
 debit_entree_sum =    62.00000000000002      M3/S
 debit_sortie     =    62.00025268980617      M3/S
 -----------------------------------------------
 -----------------------------------------------
 Iteration number        263000 , t =     3448.844973833146     
 debit_entree             1  =     62.00000000000002     
 debit_entree_sum =    62.00000000000002      M3/S
 debit_sortie     =    62.00002448187323      M3/S
 -----------------------------------------------
 -----------------------------------------------
 Iteration number        264000 , t =     3461.959303773127     
 debit_entree             1  =     62.00000000000002     
 debit_entree_sum =    62.00000000000002      M3/S
 debit_sortie     =    62.00002430133155      M3/S
 -----------------------------------------------
 -----------------------------------------------
 Iteration number        265000 , t =     3475.073633713107     
 debit_entree             1  =     62.00000000000002     
 debit_entree_sum =    62.00000000000002      M3/S
 debit_sortie     =    61.99999952820566      M3/S
 -----------------------------------------------
 -----------------------------------------------
 Iteration number        266000 , t =     3488.187963653088     
 debit_entree             1  =     62.00000000000002     
 debit_entree_sum =    62.00000000000002      M3/S
 debit_sortie     =    62.00003301611715      M3/S
 -----------------------------------------------
 -----------------------------------------------
 Iteration number        267000 , t =     3501.302293593069     
 debit_entree             1  =     62.00000000000002     
 debit_entree_sum =    62.00000000000002      M3/S
 debit_sortie     =    62.00000141921981      M3/S
 -----------------------------------------------
 -----------------------------------------------
 Iteration number        268000 , t =     3514.416623533050     
 debit_entree             1  =     62.00000000000002     
 debit_entree_sum =    62.00000000000002      M3/S
 debit_sortie     =    62.00003409834426      M3/S
 -----------------------------------------------
 -----------------------------------------------
 Iteration number        269000 , t =     3527.530953473031     
 debit_entree             1  =     62.00000000000002     
 debit_entree_sum =    62.00000000000002      M3/S
 debit_sortie     =    61.99999708988719      M3/S
 -----------------------------------------------
 -----------------------------------------------
 Iteration number        270000 , t =     3540.645283413012     
 debit_entree             1  =     62.00000000000002     
 debit_entree_sum =    62.00000000000002      M3/S
 debit_sortie     =    62.00002788478724      M3/S
 -----------------------------------------------
 -----------------------------------------------
 Iteration number        271000 , t =     3553.759613352993     
 debit_entree             1  =     62.00000000000002     
 debit_entree_sum =    62.00000000000002      M3/S
 debit_sortie     =    61.99998762010650      M3/S
 -----------------------------------------------
 -----------------------------------------------
 Iteration number        272000 , t =     3566.873943292974     
 debit_entree             1  =     62.00000000000002     
 debit_entree_sum =    62.00000000000002      M3/S
 debit_sortie     =    62.00001540738330      M3/S
 -----------------------------------------------
 -----------------------------------------------
 Iteration number        273000 , t =     3579.988273232955     
 debit_entree             1  =     62.00000000000002     
 debit_entree_sum =    62.00000000000002      M3/S
 debit_sortie     =    61.99997484036076      M3/S
 -----------------------------------------------
 -----------------------------------------------
 Iteration number        274000 , t =     3593.102603172936     
 debit_entree             1  =     62.00000000000002     
 debit_entree_sum =    62.00000000000002      M3/S
 debit_sortie     =    61.99999849426317      M3/S
 -----------------------------------------------
 Loop on time ends at iteration :        274526
 ===========================================================================
 =========================   FIN DE LA SIMULATION   ========================
 ===========================================================================
 
 DUREE DU CALCUL :    23.02070      Secondes 
 ===========================================================================
 ===========================================================================
