Device name:Tesla P100-PCIE-12GBthread id : 0
Compute capability : 6.0
            0  lecture du maillage en cours
            0            1
 INPUT             1            5
 OUTPUT             1            9
            0  output nodes             0            1           65
 MANNING DETECTED IN MESH FILE BUT WILL NOT BE USED
            0  lecture du maillage reussie
 gridx, gridy (for set_boundary) =            52           52
            0 tab_bound_tri ok          832          489
            0 boundary kind ok
            0 apres contruct coo table elemwise
 ======================================================================
  Parameters
 ======================================================================
 meshfile            = 
 manning_Canal_divergent.cgns                                
 cotemin             =    6.5900972487247161E-002
 elt_bound           =             0
 H_AMONT             =    1.0000000000000000E-003
 U_AMONT             =     0.000000000000000     
 V_AMONT             =     0.000000000000000     
 H_AVAL              =     0.000000000000000     
 U_AVAL              =     0.000000000000000     
 V_AVAL              =     0.000000000000000     
 iflux               =            2
 Fricimplic          =            1
 visu_snapshots     =          100
 tol_reg_perm        =   1.0000000000000001E-015
 tol                 =   9.9999999747524271E-007
 tolisec             =   1.0000000000000001E-005
 tolaffiche          =   9.9999997764825821E-003
 nombre d'elements totaux =           832
 freqaffich          =         1000
 nombre entree       =            1
 debitglob                   1  =   0.5000000000000000     
 longueur entree             1  =    1.000000000000000     
 nombre sortie       =            1
 H_SORTIE                    1  =   2.0000000000000000E-002
 ======================================================================
 ======================================================================
 Loop over time starts
 -----------------------------------------------
 Iteration number          1000 , t =     16.89884997314732     
 debit_entree             1  =    0.5000000000000000     
 debit_entree_sum =   0.5000000000000000      M3/S
 debit_sortie     =   0.7304846267845048      M3/S
 -----------------------------------------------
 -----------------------------------------------
 Iteration number          2000 , t =     33.06172296189847     
 debit_entree             1  =    0.5000000000000000     
 debit_entree_sum =   0.5000000000000000      M3/S
 debit_sortie     =   0.4096073820680270      M3/S
 -----------------------------------------------
 -----------------------------------------------
 Iteration number          3000 , t =     49.59623201713730     
 debit_entree             1  =    0.5000000000000000     
 debit_entree_sum =   0.5000000000000000      M3/S
 debit_sortie     =   0.5062425284002904      M3/S
 -----------------------------------------------
 -----------------------------------------------
 Iteration number          4000 , t =     66.14100888311087     
 debit_entree             1  =    0.5000000000000000     
 debit_entree_sum =   0.5000000000000000      M3/S
 debit_sortie     =   0.5091845644984225      M3/S
 -----------------------------------------------
 -----------------------------------------------
 Iteration number          5000 , t =     82.68893895301453     
 debit_entree             1  =    0.5000000000000000     
 debit_entree_sum =   0.5000000000000000      M3/S
 debit_sortie     =   0.5064456091267766      M3/S
 -----------------------------------------------
 -----------------------------------------------
 Iteration number          6000 , t =     99.23777591752696     
 debit_entree             1  =    0.5000000000000000     
 debit_entree_sum =   0.5000000000000000      M3/S
 debit_sortie     =   0.5027466394371564      M3/S
 -----------------------------------------------
 -----------------------------------------------
 Iteration number          7000 , t =     115.7868405179916     
 debit_entree             1  =    0.5000000000000000     
 debit_entree_sum =   0.5000000000000000      M3/S
 debit_sortie     =   0.5014332204083102      M3/S
 -----------------------------------------------
 -----------------------------------------------
 Iteration number          8000 , t =     132.3359585468989     
 debit_entree             1  =    0.5000000000000000     
 debit_entree_sum =   0.5000000000000000      M3/S
 debit_sortie     =   0.5013840347447635      M3/S
 -----------------------------------------------
 -----------------------------------------------
 Iteration number          9000 , t =     148.8850895929567     
 debit_entree             1  =    0.5000000000000000     
 debit_entree_sum =   0.5000000000000000      M3/S
 debit_sortie     =   0.5005409449664973      M3/S
 -----------------------------------------------
 -----------------------------------------------
 Iteration number         10000 , t =     165.4342239184316     
 debit_entree             1  =    0.5000000000000000     
 debit_entree_sum =   0.5000000000000000      M3/S
 debit_sortie     =   0.5005557631395228      M3/S
 -----------------------------------------------
 -----------------------------------------------
 Iteration number         11000 , t =     181.9833590626569     
 debit_entree             1  =    0.5000000000000000     
 debit_entree_sum =   0.5000000000000000      M3/S
 debit_sortie     =   0.5002781618780875      M3/S
 -----------------------------------------------
 -----------------------------------------------
 Iteration number         12000 , t =     198.5324944080411     
 debit_entree             1  =    0.5000000000000000     
 debit_entree_sum =   0.5000000000000000      M3/S
 debit_sortie     =   0.5005216591602215      M3/S
 -----------------------------------------------
 -----------------------------------------------
 Iteration number         13000 , t =     215.0816298028318     
 debit_entree             1  =    0.5000000000000000     
 debit_entree_sum =   0.5000000000000000      M3/S
 debit_sortie     =   0.5005542996510444      M3/S
 -----------------------------------------------
 -----------------------------------------------
 Iteration number         14000 , t =     231.6307652098400     
 debit_entree             1  =    0.5000000000000000     
 debit_entree_sum =   0.5000000000000000      M3/S
 debit_sortie     =   0.4101162517091111      M3/S
 -----------------------------------------------
 -----------------------------------------------
 Iteration number         15000 , t =     248.1799006198749     
 debit_entree             1  =    0.5000000000000000     
 debit_entree_sum =   0.5000000000000000      M3/S
 debit_sortie     =   0.5005211459975192      M3/S
 -----------------------------------------------
 -----------------------------------------------
 Iteration number         16000 , t =     264.7290360306580     
 debit_entree             1  =    0.5000000000000000     
 debit_entree_sum =   0.5000000000000000      M3/S
 debit_sortie     =   0.5005528755401849      M3/S
 -----------------------------------------------
 Loop on time ends at iteration :         16923
 ===========================================================================
 =========================   FIN DE LA SIMULATION   ========================
 ===========================================================================
 
 DUREE DU CALCUL :    1.661940      Secondes 
 ===========================================================================
 ===========================================================================
