Device name:Tesla P100-PCIE-12GBthread id : 0
Compute capability : 6.0
            0  lecture du maillage en cours
            0            1
 INPUT             1            5
 OUTPUT             1            9
            0  output nodes             0            1           65
 MANNING DETECTED IN MESH FILE BUT WILL NOT BE USED
            0  lecture du maillage reussie
 gridx, gridy (for set_boundary) =            52           52
            0 tab_bound_tri ok          832          489
            0 boundary kind ok
            0 apres contruct coo table elemwise
 ======================================================================
  Parameters
 ======================================================================
 meshfile            = 
 manning_Canal_divergent.cgns                                
 cotemin             =    6.5900972487247161E-002
 elt_bound           =             0
 H_AMONT             =    1.0000000000000000E-003
 U_AMONT             =     0.000000000000000     
 V_AMONT             =     0.000000000000000     
 H_AVAL              =     0.000000000000000     
 U_AVAL              =     0.000000000000000     
 V_AVAL              =     0.000000000000000     
 iflux               =            2
 Fricimplic          =            1
 visu_snapshots     =          100
 tol_reg_perm        =   1.0000000000000001E-015
 tol                 =   9.9999999747524271E-007
 tolisec             =   1.0000000000000001E-005
 tolaffiche          =   9.9999997764825821E-003
 nombre d'elements totaux =           832
 freqaffich          =         1000
 nombre entree       =            1
 debitglob                   1  =   0.5000000000000000     
 longueur entree             1  =    1.000000000000000     
 nombre sortie       =            1
 H_SORTIE                    1  =   2.0000000000000000E-002
 ======================================================================
 ======================================================================
 Loop over time starts
 -----------------------------------------------
 Iteration number          1000 , t =     17.97806275194426     
 debit_entree             1  =    0.5000000000000000     
 debit_entree_sum =   0.5000000000000000      M3/S
 debit_sortie     =   0.5557369546867649      M3/S
 -----------------------------------------------
 -----------------------------------------------
 Iteration number          2000 , t =     35.70337415038935     
 debit_entree             1  =    0.5000000000000000     
 debit_entree_sum =   0.5000000000000000      M3/S
 debit_sortie     =   0.5015550994093388      M3/S
 -----------------------------------------------
 -----------------------------------------------
 Iteration number          3000 , t =     53.43219605285412     
 debit_entree             1  =    0.5000000000000000     
 debit_entree_sum =   0.5000000000000000      M3/S
 debit_sortie     =   0.5000105505715002      M3/S
 -----------------------------------------------
 -----------------------------------------------
 Iteration number          4000 , t =     71.16159758906107     
 debit_entree             1  =    0.5000000000000000     
 debit_entree_sum =   0.5000000000000000      M3/S
 debit_sortie     =   0.4999998792676359      M3/S
 -----------------------------------------------
 -----------------------------------------------
 Iteration number          5000 , t =     88.89100861507546     
 debit_entree             1  =    0.5000000000000000     
 debit_entree_sum =   0.5000000000000000      M3/S
 debit_sortie     =   0.4999999971252069      M3/S
 -----------------------------------------------
 -----------------------------------------------
 Iteration number          6000 , t =     106.6204196575966     
 debit_entree             1  =    0.5000000000000000     
 debit_entree_sum =   0.5000000000000000      M3/S
 debit_sortie     =   0.4999999999907030      M3/S
 -----------------------------------------------
 -----------------------------------------------
 Iteration number          7000 , t =     124.3498306992936     
 debit_entree             1  =    0.5000000000000000     
 debit_entree_sum =   0.5000000000000000      M3/S
 debit_sortie     =   0.4999999999993543      M3/S
 -----------------------------------------------
 -----------------------------------------------
 Iteration number          8000 , t =     142.0792417401289     
 debit_entree             1  =    0.5000000000000000     
 debit_entree_sum =   0.5000000000000000      M3/S
 debit_sortie     =   0.4999999999960155      M3/S
 -----------------------------------------------
 -----------------------------------------------
 Iteration number          9000 , t =     159.8086527809508     
 debit_entree             1  =    0.5000000000000000     
 debit_entree_sum =   0.5000000000000000      M3/S
 debit_sortie     =   0.5000000000026841      M3/S
 -----------------------------------------------
 -----------------------------------------------
 Iteration number         10000 , t =     177.5380638225664     
 debit_entree             1  =    0.5000000000000000     
 debit_entree_sum =   0.5000000000000000      M3/S
 debit_sortie     =   0.5000000000027931      M3/S
 -----------------------------------------------
 -----------------------------------------------
 Iteration number         11000 , t =     195.2674748638709     
 debit_entree             1  =    0.5000000000000000     
 debit_entree_sum =   0.5000000000000000      M3/S
 debit_sortie     =   0.4999999999960713      M3/S
 -----------------------------------------------
 -----------------------------------------------
 Iteration number         12000 , t =     212.9968859044544     
 debit_entree             1  =    0.5000000000000000     
 debit_entree_sum =   0.5000000000000000      M3/S
 debit_sortie     =   0.4999999999989535      M3/S
 -----------------------------------------------
 -----------------------------------------------
 Iteration number         13000 , t =     230.7262969457107     
 debit_entree             1  =    0.5000000000000000     
 debit_entree_sum =   0.5000000000000000      M3/S
 debit_sortie     =   0.5000000000043926      M3/S
 -----------------------------------------------
 -----------------------------------------------
 Iteration number         14000 , t =     248.4557079873757     
 debit_entree             1  =    0.5000000000000000     
 debit_entree_sum =   0.5000000000000000      M3/S
 debit_sortie     =   0.4999999999990898      M3/S
 -----------------------------------------------
 -----------------------------------------------
 Iteration number         15000 , t =     266.1851190281319     
 debit_entree             1  =    0.5000000000000000     
 debit_entree_sum =   0.5000000000000000      M3/S
 debit_sortie     =   0.4999999999960108      M3/S
 -----------------------------------------------
 Loop on time ends at iteration :         15780
 ===========================================================================
 =========================   FIN DE LA SIMULATION   ========================
 ===========================================================================
 
 DUREE DU CALCUL :    1.548809      Secondes 
 ===========================================================================
 ===========================================================================
